<?xml version="1.0" encoding="UTF-8"?>
<!-- Generated by org.testng.reporters.JUnitXMLReporter -->
<testsuite ignored="0" hostname="MSI" failures="1" tests="5" name="Test" time="26.641" errors="0" timestamp="2022-07-27T17:38:56 IST">
  <testcase classname="ScortikAboutPage.Para5UI" name="ScortikTestcase" time="5.046">
    <failure type="java.lang.NullPointerException" message="Cannot invoke &amp;quot;org.openqa.selenium.WebDriver.findElement(org.openqa.selenium.By)&amp;quot; because &amp;quot;this.Driver&amp;quot; is null">
      <![CDATA[java.lang.NullPointerException: Cannot invoke "org.openqa.selenium.WebDriver.findElement(org.openqa.selenium.By)" because "this.Driver" is null
at ScortikAboutPage.Para5UI.ScortikTestcase(Para5UI.java:66)
at java.base/java.util.ArrayList.forEach(ArrayList.java:1511)
... Removed 27 stack frames]]>
    </failure>
  </testcase> <!-- ScortikTestcase -->
  <testcase classname="ScortikAboutPage.Para5UI" name="ParaUI5" time="5.163"/>
  <testcase classname="ScortikAboutPage.Para5UI" name="ImageUI" time="5.361"/>
  <testcase classname="ScortikAboutPage.Para5UI" name="headingUI4" time="5.386"/>
  <testcase classname="ScortikAboutPage.Para5UI" name="headingUi" time="5.624"/>
</testsuite> <!-- Test -->
