<?xml version="1.0" encoding="UTF-8"?>
<testng-results ignored="0" total="5" passed="4" failed="1" skipped="0">
  <reporter-output>
  </reporter-output>
  <suite started-at="2022-07-27T17:38:29 IST" name="Suite" finished-at="2022-07-27T17:38:56 IST" duration-ms="26641">
    <groups>
    </groups>
    <test started-at="2022-07-27T17:38:29 IST" name="Test" finished-at="2022-07-27T17:38:56 IST" duration-ms="26641">
      <class name="ScortikAboutPage.Para5UI">
        <test-method signature="ScortikTestcase()[pri:1, instance:ScortikAboutPage.Para5UI@18d87d80]" started-at="2022-07-27T17:38:29 IST" name="ScortikTestcase" finished-at="2022-07-27T17:38:34 IST" duration-ms="5046" status="FAIL">
          <exception class="java.lang.NullPointerException">
            <message>
              <![CDATA[Cannot invoke "org.openqa.selenium.WebDriver.findElement(org.openqa.selenium.By)" because "this.Driver" is null]]>
            </message>
            <full-stacktrace>
              <![CDATA[java.lang.NullPointerException: Cannot invoke "org.openqa.selenium.WebDriver.findElement(org.openqa.selenium.By)" because "this.Driver" is null
at ScortikAboutPage.Para5UI.ScortikTestcase(Para5UI.java:66)
at java.base/jdk.internal.reflect.NativeMethodAccessorImpl.invoke0(Native Method)
at java.base/jdk.internal.reflect.NativeMethodAccessorImpl.invoke(NativeMethodAccessorImpl.java:77)
at java.base/jdk.internal.reflect.DelegatingMethodAccessorImpl.invoke(DelegatingMethodAccessorImpl.java:43)
at java.base/java.lang.reflect.Method.invoke(Method.java:568)
at org.testng.internal.MethodInvocationHelper.invokeMethod(MethodInvocationHelper.java:133)
at org.testng.internal.TestInvoker.invokeMethod(TestInvoker.java:598)
at org.testng.internal.TestInvoker.invokeTestMethod(TestInvoker.java:173)
at org.testng.internal.MethodRunner.runInSequence(MethodRunner.java:46)
at org.testng.internal.TestInvoker$MethodInvocationAgent.invoke(TestInvoker.java:824)
at org.testng.internal.TestInvoker.invokeTestMethods(TestInvoker.java:146)
at org.testng.internal.TestMethodWorker.invokeTestMethods(TestMethodWorker.java:146)
at org.testng.internal.TestMethodWorker.run(TestMethodWorker.java:128)
at java.base/java.util.ArrayList.forEach(ArrayList.java:1511)
at org.testng.TestRunner.privateRun(TestRunner.java:794)
at org.testng.TestRunner.run(TestRunner.java:596)
at org.testng.SuiteRunner.runTest(SuiteRunner.java:377)
at org.testng.SuiteRunner.runSequentially(SuiteRunner.java:371)
at org.testng.SuiteRunner.privateRun(SuiteRunner.java:332)
at org.testng.SuiteRunner.run(SuiteRunner.java:276)
at org.testng.SuiteRunnerWorker.runSuite(SuiteRunnerWorker.java:53)
at org.testng.SuiteRunnerWorker.run(SuiteRunnerWorker.java:96)
at org.testng.TestNG.runSuitesSequentially(TestNG.java:1212)
at org.testng.TestNG.runSuitesLocally(TestNG.java:1134)
at org.testng.TestNG.runSuites(TestNG.java:1063)
at org.testng.TestNG.run(TestNG.java:1031)
at org.testng.remote.AbstractRemoteTestNG.run(AbstractRemoteTestNG.java:115)
at org.testng.remote.RemoteTestNG.initAndRun(RemoteTestNG.java:251)
at org.testng.remote.RemoteTestNG.main(RemoteTestNG.java:77)
]]>
            </full-stacktrace>
          </exception> <!-- java.lang.NullPointerException -->
          <reporter-output>
          </reporter-output>
        </test-method> <!-- ScortikTestcase -->
        <test-method signature="ParaUI5()[pri:2, instance:ScortikAboutPage.Para5UI@18d87d80]" started-at="2022-07-27T17:38:34 IST" name="ParaUI5" finished-at="2022-07-27T17:38:40 IST" duration-ms="5163" status="PASS">
          <reporter-output>
          </reporter-output>
        </test-method> <!-- ParaUI5 -->
        <test-method signature="ImageUI()[pri:3, instance:ScortikAboutPage.Para5UI@18d87d80]" started-at="2022-07-27T17:38:40 IST" name="ImageUI" finished-at="2022-07-27T17:38:45 IST" duration-ms="5361" status="PASS">
          <reporter-output>
          </reporter-output>
        </test-method> <!-- ImageUI -->
        <test-method signature="headingUI4()[pri:4, instance:ScortikAboutPage.Para5UI@18d87d80]" started-at="2022-07-27T17:38:45 IST" name="headingUI4" finished-at="2022-07-27T17:38:50 IST" duration-ms="5386" status="PASS">
          <reporter-output>
          </reporter-output>
        </test-method> <!-- headingUI4 -->
        <test-method signature="headingUi()[pri:5, instance:ScortikAboutPage.Para5UI@18d87d80]" started-at="2022-07-27T17:38:50 IST" name="headingUi" finished-at="2022-07-27T17:38:56 IST" duration-ms="5624" status="PASS">
          <reporter-output>
          </reporter-output>
        </test-method> <!-- headingUi -->
      </class> <!-- ScortikAboutPage.Para5UI -->
    </test> <!-- Test -->
  </suite> <!-- Suite -->
</testng-results>
